#! /usr/bin/vvp
:ivl_version "10.0 (stable)";
:ivl_delay_selection "TYPICAL";
:vpi_time_precision - 12;
:vpi_module "system";
:vpi_module "vhdl_sys";
:vpi_module "v2005_math";
:vpi_module "va_math";
S_0x13d4280 .scope module, "stimulus" "stimulus" 2 2;
 .timescale -9 -12;
v0x13e8500_0 .net "out", 0 0, v0x13d5be0_0;  1 drivers
v0x13e85a0_0 .var "x", 0 0;
v0x13e8670_0 .var "y", 0 0;
S_0x13d4400 .scope module, "uut" "comparator" 2 9, 3 1 0, S_0x13d4280;
 .timescale 0 0;
    .port_info 0 /INPUT 1 "x"
    .port_info 1 /INPUT 1 "y"
    .port_info 2 /OUTPUT 1 "out"
v0x13d5be0_0 .var "out", 0 0;
v0x13e8120_0 .var "p", 0 0;
v0x13e81e0_0 .var "q", 0 0;
v0x13e82b0_0 .net "x", 0 0, v0x13e85a0_0;  1 drivers
v0x13e8370_0 .net "y", 0 0, v0x13e8670_0;  1 drivers
E_0x13d60c0 .event edge, v0x13e8370_0, v0x13e82b0_0;
    .scope S_0x13d4400;
T_0 ;
    %wait E_0x13d60c0;
    %load/vec4 v0x13e82b0_0;
    %inv;
    %load/vec4 v0x13e8370_0;
    %inv;
    %and;
    %store/vec4 v0x13e8120_0, 0, 1;
    %load/vec4 v0x13e82b0_0;
    %load/vec4 v0x13e8370_0;
    %and;
    %store/vec4 v0x13e81e0_0, 0, 1;
    %load/vec4 v0x13e8120_0;
    %load/vec4 v0x13e81e0_0;
    %or;
    %store/vec4 v0x13d5be0_0, 0, 1;
    %jmp T_0;
    .thread T_0, $push;
    .scope S_0x13d4280;
T_1 ;
    %vpi_call 2 16 "$dumpfile", "test.vcd" {0 0 0};
    %vpi_call 2 17 "$dumpvars", 32'sb00000000000000000000000000000000, S_0x13d4280 {0 0 0};
    %pushi/vec4 0, 0, 1;
    %store/vec4 v0x13e85a0_0, 0, 1;
    %pushi/vec4 0, 0, 1;
    %store/vec4 v0x13e8670_0, 0, 1;
    %delay 20000, 0;
    %pushi/vec4 1, 0, 1;
    %store/vec4 v0x13e85a0_0, 0, 1;
    %delay 20000, 0;
    %pushi/vec4 1, 0, 1;
    %store/vec4 v0x13e8670_0, 0, 1;
    %delay 20000, 0;
    %pushi/vec4 0, 0, 1;
    %store/vec4 v0x13e8670_0, 0, 1;
    %delay 20000, 0;
    %pushi/vec4 1, 0, 1;
    %store/vec4 v0x13e85a0_0, 0, 1;
    %delay 40000, 0;
    %end;
    .thread T_1;
    .scope S_0x13d4280;
T_2 ;
    %vpi_call 2 31 "$monitor", "t=%3d x=%d,y=%d,z=%d \012", $time, v0x13e85a0_0, v0x13e8670_0, v0x13e8500_0, " " {0 0 0};
    %end;
    .thread T_2;
# The file index is used to find the file name in the following table.
:file_names 4;
    "N/A";
    "<interactive>";
    "always_tb.v";
    "always.v";
