#! /usr/bin/vvp
:ivl_version "10.0 (stable)";
:ivl_delay_selection "TYPICAL";
:vpi_time_precision - 12;
:vpi_module "system";
:vpi_module "vhdl_sys";
:vpi_module "v2005_math";
:vpi_module "va_math";
S_0x1d3c280 .scope module, "udp_tb" "udp_tb" 2 8;
 .timescale -9 -12;
v0x1d4da80_0 .var "x", 0 0;
v0x1d4db50_0 .var "y", 0 0;
v0x1d4dc20_0 .net "z", 0 0, L_0x1d4dd20;  1 drivers
S_0x1d3c400 .scope module, "uut" "udp" 2 15, 3 1 0, S_0x1d3c280;
 .timescale 0 0;
    .port_info 0 /INPUT 1 "x"
    .port_info 1 /INPUT 1 "y"
    .port_info 2 /OUTPUT 1 "z"
UDP_compare .udp/comb "compare", 2
 ,"001"
 ,"010"
 ,"100"
 ,"111";
L_0x1d4dd20 .udp UDP_compare, v0x1d4da80_0, v0x1d4db50_0;
v0x1d3d820_0 .net "x", 0 0, v0x1d4da80_0;  1 drivers
v0x1d4d870_0 .net "y", 0 0, v0x1d4db50_0;  1 drivers
v0x1d4d930_0 .net "z", 0 0, L_0x1d4dd20;  alias, 1 drivers
    .scope S_0x1d3c280;
T_0 ;
    %pushi/vec4 0, 0, 1;
    %store/vec4 v0x1d4da80_0, 0, 1;
    %pushi/vec4 0, 0, 1;
    %store/vec4 v0x1d4db50_0, 0, 1;
    %delay 100000, 0;
    %delay 20000, 0;
    %pushi/vec4 1, 0, 1;
    %store/vec4 v0x1d4db50_0, 0, 1;
    %delay 20000, 0;
    %pushi/vec4 1, 0, 1;
    %store/vec4 v0x1d4da80_0, 0, 1;
    %delay 20000, 0;
    %pushi/vec4 0, 0, 1;
    %store/vec4 v0x1d4db50_0, 0, 1;
    %delay 20000, 0;
    %end;
    .thread T_0;
    .scope S_0x1d3c280;
T_1 ;
    %vpi_call 2 32 "$monitor", "x=%d,y=%d,z=%d \012", v0x1d4da80_0, v0x1d4db50_0, v0x1d4dc20_0 {0 0 0};
    %end;
    .thread T_1;
# The file index is used to find the file name in the following table.
:file_names 4;
    "N/A";
    "<interactive>";
    "udp_tb.v";
    "udp.v";
