#! /usr/bin/vvp
:ivl_version "10.0 (stable)";
:ivl_delay_selection "TYPICAL";
:vpi_time_precision + 0;
:vpi_module "system";
:vpi_module "vhdl_sys";
:vpi_module "v2005_math";
:vpi_module "va_math";
S_0x1af4010 .scope module, "my_gate_tb" "my_gate_tb" 2 1;
 .timescale 0 0;
v0x1b27f00_0 .var "x", 0 0;
v0x1b27fa0_0 .var "y", 0 0;
v0x1b28070_0 .net "z", 0 0, L_0x1b284d0;  1 drivers
S_0x1b14280 .scope module, "uut" "my_gate" 2 7, 3 1 0, S_0x1af4010;
 .timescale 0 0;
    .port_info 0 /INPUT 1 "x"
    .port_info 1 /INPUT 1 "y"
    .port_info 2 /OUTPUT 1 "z"
L_0x1b28170 .functor NOT 1, v0x1b27f00_0, C4<0>, C4<0>, C4<0>;
L_0x1b28260 .functor NOT 1, v0x1b27fa0_0, C4<0>, C4<0>, C4<0>;
L_0x1b28320 .functor AND 1, v0x1b27f00_0, v0x1b27fa0_0, C4<1>, C4<1>;
L_0x1b28390 .functor AND 1, L_0x1b28170, L_0x1b28260, C4<1>, C4<1>;
L_0x1b284d0 .functor OR 1, L_0x1b28320, L_0x1b28390, C4<0>, C4<0>;
v0x1b14450_0 .net "p", 0 0, L_0x1b28320;  1 drivers
v0x1b279a0_0 .net "q", 0 0, L_0x1b28390;  1 drivers
v0x1b27a60_0 .net "x", 0 0, v0x1b27f00_0;  1 drivers
v0x1b27b30_0 .net "x_", 0 0, L_0x1b28170;  1 drivers
v0x1b27bf0_0 .net "y", 0 0, v0x1b27fa0_0;  1 drivers
v0x1b27d00_0 .net "y_", 0 0, L_0x1b28260;  1 drivers
v0x1b27dc0_0 .net "z", 0 0, L_0x1b284d0;  alias, 1 drivers
    .scope S_0x1af4010;
T_0 ;
    %pushi/vec4 0, 0, 1;
    %store/vec4 v0x1b27f00_0, 0, 1;
    %pushi/vec4 0, 0, 1;
    %store/vec4 v0x1b27fa0_0, 0, 1;
    %delay 20, 0;
    %delay 20, 0;
    %pushi/vec4 1, 0, 1;
    %store/vec4 v0x1b27fa0_0, 0, 1;
    %delay 20, 0;
    %pushi/vec4 1, 0, 1;
    %store/vec4 v0x1b27f00_0, 0, 1;
    %delay 20, 0;
    %pushi/vec4 0, 0, 1;
    %store/vec4 v0x1b27fa0_0, 0, 1;
    %delay 20, 0;
    %end;
    .thread T_0;
    .scope S_0x1af4010;
T_1 ;
    %vpi_call 2 24 "$monitor", "TIME=%3d:     x=%2b y=%2b z=%d \012", $time, v0x1b27f00_0, v0x1b27fa0_0, v0x1b28070_0, " " {0 0 0};
    %end;
    .thread T_1;
# The file index is used to find the file name in the following table.
:file_names 4;
    "N/A";
    "<interactive>";
    "gate_tb.v";
    "gate.v";
