#! /usr/bin/vvp
:ivl_version "10.0 (stable)";
:ivl_delay_selection "TYPICAL";
:vpi_time_precision - 10;
:vpi_module "system";
:vpi_module "vhdl_sys";
:vpi_module "v2005_math";
:vpi_module "va_math";
S_0xc179a0 .scope module, "divM_tb" "divM_tb" 2 2;
 .timescale -9 -10;
v0xc4b3d0_0 .var "clk_in", 0 0;
v0xc4b4a0_0 .net "clk_out", 0 0, L_0xc4b570;  1 drivers
S_0xc38280 .scope module, "uut" "divM" 2 8, 3 1 0, S_0xc179a0;
 .timescale 0 0;
    .port_info 0 /INPUT 1 "clk_in"
    .port_info 1 /OUTPUT 1 "clk_out"
P_0xc38400 .param/l "N" 1 3 7, +C4<00000000000000000000000000000001>;
P_0xc38440 .param/l "number" 0 3 2, +C4<00000000000000000000000000000010>;
L_0xc4b570 .functor BUFZ 1, v0xc4b280_0, C4<0>, C4<0>, C4<0>;
v0xc384e0_0 .net "clk_in", 0 0, v0xc4b3d0_0;  1 drivers
v0xc4b1c0_0 .net "clk_out", 0 0, L_0xc4b570;  alias, 1 drivers
v0xc4b280_0 .var "divcounter", 0 0;
E_0xc3a8c0 .event posedge, v0xc384e0_0;
    .scope S_0xc38280;
T_0 ;
    %pushi/vec4 0, 0, 1;
    %store/vec4 v0xc4b280_0, 0, 1;
    %end;
    .thread T_0;
    .scope S_0xc38280;
T_1 ;
    %wait E_0xc3a8c0;
    %load/vec4 v0xc4b280_0;
    %pad/u 32;
    %cmpi/e 1, 0, 32;
    %flag_mov 8, 4;
    %jmp/0 T_1.0, 8;
    %pushi/vec4 0, 0, 2;
    %jmp/1 T_1.1, 8;
T_1.0 ; End of true expr.
    %load/vec4 v0xc4b280_0;
    %pad/u 2;
    %addi 1, 0, 2;
    %jmp/0 T_1.1, 8;
 ; End of false expr.
    %blend;
T_1.1;
    %pad/u 1;
    %assign/vec4 v0xc4b280_0, 0;
    %jmp T_1;
    .thread T_1;
    .scope S_0xc179a0;
T_2 ;
    %pushi/vec4 0, 0, 1;
    %store/vec4 v0xc4b3d0_0, 0, 1;
    %end;
    .thread T_2;
    .scope S_0xc179a0;
T_3 ;
    %delay 10, 0;
    %load/vec4 v0xc4b3d0_0;
    %inv;
    %store/vec4 v0xc4b3d0_0, 0, 1;
    %jmp T_3;
    .thread T_3;
    .scope S_0xc179a0;
T_4 ;
    %vpi_call 2 14 "$dumpfile", "divM_tb.vcd" {0 0 0};
    %vpi_call 2 15 "$dumpvars" {0 0 0};
    %delay 300, 0;
    %vpi_call 2 17 "$display", "Simulation finished" {0 0 0};
    %vpi_call 2 18 "$finish" {0 0 0};
    %end;
    .thread T_4;
# The file index is used to find the file name in the following table.
:file_names 4;
    "N/A";
    "<interactive>";
    "divM_tb.v";
    "divM.v";
