#! /usr/bin/vvp
:ivl_version "10.0 (stable)";
:ivl_delay_selection "TYPICAL";
:vpi_time_precision + 0;
:vpi_module "system";
:vpi_module "vhdl_sys";
:vpi_module "v2005_math";
:vpi_module "va_math";
S_0x15e2de0 .scope module, "two_bit_comparator_tb" "two_bit_comparator_tb" 2 1;
 .timescale 0 0;
v0x16280b0_0 .var "input0", 1 0;
v0x1628170_0 .var "input1", 1 0;
v0x1628240_0 .net "output0", 0 0, L_0x162a480;  1 drivers
S_0x1606280 .scope module, "uut" "two_bit_comparator" 2 7, 3 1 0, S_0x15e2de0;
 .timescale 0 0;
    .port_info 0 /INPUT 2 "input0"
    .port_info 1 /INPUT 2 "input1"
    .port_info 2 /OUTPUT 1 "output0"
L_0x1628500 .functor AND 1, L_0x1628340, L_0x1628410, C4<1>, C4<1>;
L_0x16286b0 .functor AND 1, L_0x1628500, L_0x1628610, C4<1>, C4<1>;
L_0x1628860 .functor AND 1, L_0x16286b0, L_0x16287c0, C4<1>, C4<1>;
L_0x1628aa0 .functor NOT 1, L_0x1628970, C4<0>, C4<0>, C4<0>;
L_0x1628cb0 .functor NOT 1, L_0x1628b10, C4<0>, C4<0>, C4<0>;
L_0x1628d20 .functor AND 1, L_0x1628aa0, L_0x1628cb0, C4<1>, C4<1>;
L_0x1628f10 .functor NOT 1, L_0x1628e70, C4<0>, C4<0>, C4<0>;
L_0x1628fd0 .functor AND 1, L_0x1628d20, L_0x1628f10, C4<1>, C4<1>;
L_0x1629220 .functor NOT 1, L_0x1629130, C4<0>, C4<0>, C4<0>;
L_0x16292e0 .functor AND 1, L_0x1628fd0, L_0x1629220, C4<1>, C4<1>;
L_0x1629450 .functor OR 1, L_0x1628860, L_0x16292e0, C4<0>, C4<0>;
L_0x16295b0 .functor NOT 1, L_0x1629510, C4<0>, C4<0>, C4<0>;
L_0x1629780 .functor NOT 1, L_0x16296e0, C4<0>, C4<0>, C4<0>;
L_0x16297f0 .functor AND 1, L_0x16295b0, L_0x1629780, C4<1>, C4<1>;
L_0x1629670 .functor AND 1, L_0x16297f0, L_0x1629980, C4<1>, C4<1>;
L_0x1629bd0 .functor AND 1, L_0x1629670, L_0x1629ac0, C4<1>, C4<1>;
L_0x1629d70 .functor OR 1, L_0x1629450, L_0x1629bd0, C4<0>, C4<0>;
L_0x1629b60 .functor AND 1, L_0x1629e80, L_0x162a030, C4<1>, C4<1>;
L_0x1629ce0 .functor NOT 1, L_0x162a280, C4<0>, C4<0>, C4<0>;
L_0x162a370 .functor AND 1, L_0x1629b60, L_0x1629ce0, C4<1>, C4<1>;
L_0x162a5c0 .functor NOT 1, L_0x162a1e0, C4<0>, C4<0>, C4<0>;
L_0x162a680 .functor AND 1, L_0x162a370, L_0x162a5c0, C4<1>, C4<1>;
L_0x162a480 .functor OR 1, L_0x1629d70, L_0x162a680, C4<0>, C4<0>;
v0x15fdb00_0 .net *"_s1", 0 0, L_0x1628340;  1 drivers
v0x1625ac0_0 .net *"_s11", 0 0, L_0x16287c0;  1 drivers
v0x1625ba0_0 .net *"_s12", 0 0, L_0x1628860;  1 drivers
v0x1625c90_0 .net *"_s15", 0 0, L_0x1628970;  1 drivers
v0x1625d70_0 .net *"_s16", 0 0, L_0x1628aa0;  1 drivers
v0x1625ea0_0 .net *"_s19", 0 0, L_0x1628b10;  1 drivers
v0x1625f80_0 .net *"_s20", 0 0, L_0x1628cb0;  1 drivers
v0x1626060_0 .net *"_s22", 0 0, L_0x1628d20;  1 drivers
v0x1626140_0 .net *"_s25", 0 0, L_0x1628e70;  1 drivers
v0x16262b0_0 .net *"_s26", 0 0, L_0x1628f10;  1 drivers
v0x1626390_0 .net *"_s28", 0 0, L_0x1628fd0;  1 drivers
v0x1626470_0 .net *"_s3", 0 0, L_0x1628410;  1 drivers
v0x1626550_0 .net *"_s31", 0 0, L_0x1629130;  1 drivers
v0x1626630_0 .net *"_s32", 0 0, L_0x1629220;  1 drivers
v0x1626710_0 .net *"_s34", 0 0, L_0x16292e0;  1 drivers
v0x16267f0_0 .net *"_s36", 0 0, L_0x1629450;  1 drivers
v0x16268d0_0 .net *"_s39", 0 0, L_0x1629510;  1 drivers
v0x1626a80_0 .net *"_s4", 0 0, L_0x1628500;  1 drivers
v0x1626b20_0 .net *"_s40", 0 0, L_0x16295b0;  1 drivers
v0x1626c00_0 .net *"_s43", 0 0, L_0x16296e0;  1 drivers
v0x1626ce0_0 .net *"_s44", 0 0, L_0x1629780;  1 drivers
v0x1626dc0_0 .net *"_s46", 0 0, L_0x16297f0;  1 drivers
v0x1626ea0_0 .net *"_s49", 0 0, L_0x1629980;  1 drivers
v0x1626f80_0 .net *"_s50", 0 0, L_0x1629670;  1 drivers
v0x1627060_0 .net *"_s53", 0 0, L_0x1629ac0;  1 drivers
v0x1627140_0 .net *"_s54", 0 0, L_0x1629bd0;  1 drivers
v0x1627220_0 .net *"_s56", 0 0, L_0x1629d70;  1 drivers
v0x1627300_0 .net *"_s59", 0 0, L_0x1629e80;  1 drivers
v0x16273e0_0 .net *"_s61", 0 0, L_0x162a030;  1 drivers
v0x16274c0_0 .net *"_s62", 0 0, L_0x1629b60;  1 drivers
v0x16275a0_0 .net *"_s65", 0 0, L_0x162a280;  1 drivers
v0x1627680_0 .net *"_s66", 0 0, L_0x1629ce0;  1 drivers
v0x1627760_0 .net *"_s68", 0 0, L_0x162a370;  1 drivers
v0x16269b0_0 .net *"_s7", 0 0, L_0x1628610;  1 drivers
v0x1627a30_0 .net *"_s71", 0 0, L_0x162a1e0;  1 drivers
v0x1627b10_0 .net *"_s72", 0 0, L_0x162a5c0;  1 drivers
v0x1627bf0_0 .net *"_s74", 0 0, L_0x162a680;  1 drivers
v0x1627cd0_0 .net *"_s8", 0 0, L_0x16286b0;  1 drivers
v0x1627db0_0 .net "input0", 1 0, v0x16280b0_0;  1 drivers
v0x1627e90_0 .net "input1", 1 0, v0x1628170_0;  1 drivers
v0x1627f70_0 .net "output0", 0 0, L_0x162a480;  alias, 1 drivers
L_0x1628340 .part v0x16280b0_0, 0, 1;
L_0x1628410 .part v0x1628170_0, 0, 1;
L_0x1628610 .part v0x16280b0_0, 1, 1;
L_0x16287c0 .part v0x1628170_0, 1, 1;
L_0x1628970 .part v0x16280b0_0, 0, 1;
L_0x1628b10 .part v0x1628170_0, 0, 1;
L_0x1628e70 .part v0x16280b0_0, 1, 1;
L_0x1629130 .part v0x1628170_0, 1, 1;
L_0x1629510 .part v0x16280b0_0, 0, 1;
L_0x16296e0 .part v0x1628170_0, 0, 1;
L_0x1629980 .part v0x16280b0_0, 1, 1;
L_0x1629ac0 .part v0x1628170_0, 1, 1;
L_0x1629e80 .part v0x16280b0_0, 0, 1;
L_0x162a030 .part v0x1628170_0, 0, 1;
L_0x162a280 .part v0x16280b0_0, 1, 1;
L_0x162a1e0 .part v0x1628170_0, 1, 1;
    .scope S_0x15e2de0;
T_0 ;
    %vpi_call 2 14 "$dumpfile", "test.vcd" {0 0 0};
    %vpi_call 2 15 "$dumpvars", 32'sb00000000000000000000000000000000, S_0x15e2de0 {0 0 0};
    %pushi/vec4 0, 0, 2;
    %store/vec4 v0x16280b0_0, 0, 2;
    %pushi/vec4 0, 0, 2;
    %store/vec4 v0x1628170_0, 0, 2;
    %delay 20, 0;
    %pushi/vec4 1, 0, 2;
    %store/vec4 v0x16280b0_0, 0, 2;
    %delay 20, 0;
    %pushi/vec4 1, 0, 2;
    %store/vec4 v0x1628170_0, 0, 2;
    %delay 20, 0;
    %pushi/vec4 3, 0, 2;
    %store/vec4 v0x1628170_0, 0, 2;
    %delay 20, 0;
    %pushi/vec4 3, 0, 2;
    %store/vec4 v0x16280b0_0, 0, 2;
    %delay 20, 0;
    %pushi/vec4 1, 0, 2;
    %store/vec4 v0x1628170_0, 0, 2;
    %delay 20, 0;
    %pushi/vec4 0, 0, 2;
    %store/vec4 v0x1628170_0, 0, 2;
    %delay 20, 0;
    %pushi/vec4 2, 0, 2;
    %store/vec4 v0x16280b0_0, 0, 2;
    %delay 20, 0;
    %pushi/vec4 2, 0, 2;
    %store/vec4 v0x1628170_0, 0, 2;
    %delay 40, 0;
    %end;
    .thread T_0;
    .scope S_0x15e2de0;
T_1 ;
    %vpi_call 2 55 "$monitor", "TIME=%3d:     x=%d y=%d z=%b \012", $time, v0x16280b0_0, v0x1628170_0, v0x1628240_0, " " {0 0 0};
    %end;
    .thread T_1;
# The file index is used to find the file name in the following table.
:file_names 4;
    "N/A";
    "<interactive>";
    "stimulus_tb.v";
    "2-bit-comparator.v";
