#! /usr/bin/vvp
:ivl_version "10.0 (stable)";
:ivl_delay_selection "TYPICAL";
:vpi_time_precision + 0;
:vpi_module "system";
:vpi_module "vhdl_sys";
:vpi_module "v2005_math";
:vpi_module "va_math";
S_0x55c70284f6a0 .scope module, "echowire_tb" "echowire_tb" 2 1;
 .timescale 0 0;
v0x55c702887790_0 .var "clk", 0 0;
v0x55c702887870_0 .var "dtr", 0 0;
v0x55c702887930_0 .net "l1", 0 0, L_0x55c702887ea0;  1 drivers
v0x55c702887a30_0 .net "l2", 0 0, L_0x55c702887fb0;  1 drivers
v0x55c702887b00_0 .var "rts", 0 0;
v0x55c702887bf0_0 .var "rx", 0 0;
v0x55c702887cc0_0 .net "tx", 0 0, L_0x55c702887d90;  1 drivers
S_0x55c70284f2f0 .scope module, "uut" "echowire" 2 9, 3 1 0, S_0x55c70284f6a0;
 .timescale 0 0;
    .port_info 0 /INPUT 1 "rx"
    .port_info 1 /INPUT 1 "dtr"
    .port_info 2 /INPUT 1 "rts"
    .port_info 3 /OUTPUT 1 "tx"
    .port_info 4 /OUTPUT 1 "l1"
    .port_info 5 /OUTPUT 1 "l2"
L_0x55c702887d90 .functor BUFZ 1, v0x55c702887bf0_0, C4<0>, C4<0>, C4<0>;
L_0x55c702887ea0 .functor BUFZ 1, v0x55c702887870_0, C4<0>, C4<0>, C4<0>;
L_0x55c702887fb0 .functor BUFZ 1, v0x55c702887b00_0, C4<0>, C4<0>, C4<0>;
v0x55c702872a60_0 .net "dtr", 0 0, v0x55c702887870_0;  1 drivers
v0x55c702887270_0 .net "l1", 0 0, L_0x55c702887ea0;  alias, 1 drivers
v0x55c702887330_0 .net "l2", 0 0, L_0x55c702887fb0;  alias, 1 drivers
v0x55c702887400_0 .net "rts", 0 0, v0x55c702887b00_0;  1 drivers
v0x55c7028874c0_0 .net "rx", 0 0, v0x55c702887bf0_0;  1 drivers
v0x55c7028875d0_0 .net "tx", 0 0, L_0x55c702887d90;  alias, 1 drivers
    .scope S_0x55c70284f6a0;
T_0 ;
    %pushi/vec4 0, 0, 1;
    %store/vec4 v0x55c702887790_0, 0, 1;
    %end;
    .thread T_0;
    .scope S_0x55c70284f6a0;
T_1 ;
    %pushi/vec4 0, 0, 1;
    %store/vec4 v0x55c702887b00_0, 0, 1;
    %end;
    .thread T_1;
    .scope S_0x55c70284f6a0;
T_2 ;
    %pushi/vec4 0, 0, 1;
    %store/vec4 v0x55c702887870_0, 0, 1;
    %end;
    .thread T_2;
    .scope S_0x55c70284f6a0;
T_3 ;
    %pushi/vec4 0, 0, 1;
    %store/vec4 v0x55c702887bf0_0, 0, 1;
    %end;
    .thread T_3;
    .scope S_0x55c70284f6a0;
T_4 ;
    %delay 1, 0;
    %load/vec4 v0x55c702887790_0;
    %nor/r;
    %store/vec4 v0x55c702887790_0, 0, 1;
    %jmp T_4;
    .thread T_4;
    .scope S_0x55c70284f6a0;
T_5 ;
    %vpi_call 2 21 "$dumpfile", "echowire_tb.vcd" {0 0 0};
    %vpi_call 2 22 "$dumpvars" {0 0 0};
    %vpi_call 2 24 "$monitor", $time, " rts=%b dtr=%b rx=%b tx=%b l1=%b l2=%b", v0x55c702887b00_0, v0x55c702887870_0, v0x55c702887bf0_0, v0x55c702887cc0_0, v0x55c702887930_0, v0x55c702887a30_0 {0 0 0};
    %delay 1, 0;
    %pushi/vec4 1, 0, 1;
    %assign/vec4 v0x55c702887bf0_0, 0;
    %delay 5, 0;
    %pushi/vec4 0, 0, 1;
    %assign/vec4 v0x55c702887bf0_0, 0;
    %pushi/vec4 1, 0, 1;
    %assign/vec4 v0x55c702887870_0, 0;
    %delay 5, 0;
    %pushi/vec4 1, 0, 1;
    %assign/vec4 v0x55c702887b00_0, 0;
    %pushi/vec4 0, 0, 1;
    %assign/vec4 v0x55c702887bf0_0, 0;
    %delay 5, 0;
    %pushi/vec4 0, 0, 1;
    %assign/vec4 v0x55c702887b00_0, 0;
    %pushi/vec4 1, 0, 1;
    %assign/vec4 v0x55c702887bf0_0, 0;
    %delay 5, 0;
    %vpi_call 2 32 "$finish" {0 0 0};
    %end;
    .thread T_5;
# The file index is used to find the file name in the following table.
:file_names 4;
    "N/A";
    "<interactive>";
    "echowire_tb.v";
    "echowire.v";
