#! /usr/bin/vvp
:ivl_version "10.0 (stable)";
:ivl_delay_selection "TYPICAL";
:vpi_time_precision + 0;
:vpi_module "system";
:vpi_module "vhdl_sys";
:vpi_module "v2005_math";
:vpi_module "va_math";
S_0x230edc0 .scope module, "fsmtx_tb" "fsmtx_tb" 2 4;
 .timescale 0 0;
P_0x230e6c0 .param/l "BAUD" 1 2 10, +C4<00000000000000000000000001101000>;
P_0x230e700 .param/l "BITRATE" 1 2 14, +C4<00000000000000000000000011010000>;
P_0x230e740 .param/l "FRAME" 1 2 17, +C4<0000000000000000000000000000000000000000000000000000100011110000>;
P_0x230e780 .param/l "FRAME_WAIT" 1 2 20, +C4<0000000000000000000000000000000000000000000000000000001101000000>;
v0x233d460_0 .var "clk", 0 0;
v0x233d500_0 .var "start", 0 0;
v0x233d5c0_0 .net "tx", 0 0, v0x233d320_0;  1 drivers
S_0x2307b60 .scope module, "dut" "fsmtx" 2 33, 3 5 0, S_0x230edc0;
 .timescale 0 0;
    .port_info 0 /INPUT 1 "clk"
    .port_info 1 /INPUT 1 "start"
    .port_info 2 /OUTPUT 1 "tx"
P_0x2305360 .param/l "BAUD" 0 3 10, +C4<00000000000000000000000001101000>;
P_0x23053a0 .param/str "CHAR" 0 3 11, "A";
P_0x23053e0 .param/l "IDLE" 1 3 65, +C4<00000000000000000000000000000000>;
P_0x2305420 .param/l "START" 1 3 66, +C4<00000000000000000000000000000001>;
P_0x2305460 .param/l "TRANS" 1 3 67, +C4<00000000000000000000000000000010>;
v0x233bea0_0 .net *"_s0", 31 0, L_0x234dbd0;  1 drivers
L_0x7fd2da25f1c8 .functor BUFT 1, C4<00>, C4<0>, C4<0>, C4<0>;
v0x233bf80_0 .net/2s *"_s10", 1 0, L_0x7fd2da25f1c8;  1 drivers
v0x233c060_0 .net *"_s12", 1 0, L_0x234de50;  1 drivers
v0x233c120_0 .net *"_s16", 31 0, L_0x234e0d0;  1 drivers
L_0x7fd2da25f210 .functor BUFT 1, C4<000000000000000000000000000000>, C4<0>, C4<0>, C4<0>;
v0x233c200_0 .net *"_s19", 29 0, L_0x7fd2da25f210;  1 drivers
L_0x7fd2da25f258 .functor BUFT 1, C4<00000000000000000000000000000000>, C4<0>, C4<0>, C4<0>;
v0x233c2e0_0 .net/2u *"_s20", 31 0, L_0x7fd2da25f258;  1 drivers
v0x233c3c0_0 .net *"_s22", 0 0, L_0x234e2a0;  1 drivers
L_0x7fd2da25f2a0 .functor BUFT 1, C4<00>, C4<0>, C4<0>, C4<0>;
v0x233c480_0 .net/2s *"_s24", 1 0, L_0x7fd2da25f2a0;  1 drivers
L_0x7fd2da25f2e8 .functor BUFT 1, C4<01>, C4<0>, C4<0>, C4<0>;
v0x233c560_0 .net/2s *"_s26", 1 0, L_0x7fd2da25f2e8;  1 drivers
v0x233c6d0_0 .net *"_s28", 1 0, L_0x234e3d0;  1 drivers
L_0x7fd2da25f0f0 .functor BUFT 1, C4<000000000000000000000000000000>, C4<0>, C4<0>, C4<0>;
v0x233c7b0_0 .net *"_s3", 29 0, L_0x7fd2da25f0f0;  1 drivers
L_0x7fd2da25f138 .functor BUFT 1, C4<00000000000000000000000000000001>, C4<0>, C4<0>, C4<0>;
v0x233c890_0 .net/2u *"_s4", 31 0, L_0x7fd2da25f138;  1 drivers
v0x233c970_0 .net *"_s6", 0 0, L_0x234dd10;  1 drivers
L_0x7fd2da25f180 .functor BUFT 1, C4<01>, C4<0>, C4<0>, C4<0>;
v0x233ca30_0 .net/2s *"_s8", 1 0, L_0x7fd2da25f180;  1 drivers
v0x233cb10_0 .net "baud_en", 0 0, L_0x234e560;  1 drivers
v0x233cbb0_0 .var "bitCounter", 3 0;
v0x233cc70_0 .net "clk", 0 0, v0x233d460_0;  1 drivers
v0x233ce20_0 .net "clk_baud", 0 0, L_0x234d9f0;  1 drivers
v0x233cec0_0 .net "load", 0 0, L_0x234dfe0;  1 drivers
v0x233cf60_0 .var "reset", 0 0;
v0x233d000_0 .var "shifter", 9 0;
v0x233d0c0_0 .net "start", 0 0, v0x233d500_0;  1 drivers
v0x233d180_0 .var "start_r", 0 0;
v0x233d240_0 .var "state", 1 0;
v0x233d320_0 .var "tx", 0 0;
L_0x234dbd0 .concat [ 2 30 0 0], v0x233d240_0, L_0x7fd2da25f0f0;
L_0x234dd10 .cmp/eq 32, L_0x234dbd0, L_0x7fd2da25f138;
L_0x234de50 .functor MUXZ 2, L_0x7fd2da25f1c8, L_0x7fd2da25f180, L_0x234dd10, C4<>;
L_0x234dfe0 .part L_0x234de50, 0, 1;
L_0x234e0d0 .concat [ 2 30 0 0], v0x233d240_0, L_0x7fd2da25f210;
L_0x234e2a0 .cmp/eq 32, L_0x234e0d0, L_0x7fd2da25f258;
L_0x234e3d0 .functor MUXZ 2, L_0x7fd2da25f2e8, L_0x7fd2da25f2a0, L_0x234e2a0, C4<>;
L_0x234e560 .part L_0x234e3d0, 0, 1;
S_0x230ef80 .scope module, "BAUD0" "baudgen" 3 56, 4 13 0, S_0x2307b60;
 .timescale 0 0;
    .port_info 0 /INPUT 1 "clk"
    .port_info 1 /INPUT 1 "clk_ena"
    .port_info 2 /OUTPUT 1 "clk_out"
P_0x2313df0 .param/l "M" 0 4 17, +C4<00000000000000000000000001101000>;
P_0x2313e30 .param/l "N" 1 4 20, +C4<00000000000000000000000000000111>;
v0x230bfe0_0 .net *"_s0", 31 0, L_0x233d6c0;  1 drivers
L_0x7fd2da25f018 .functor BUFT 1, C4<0000000000000000000000000>, C4<0>, C4<0>, C4<0>;
v0x233b6b0_0 .net *"_s3", 24 0, L_0x7fd2da25f018;  1 drivers
L_0x7fd2da25f060 .functor BUFT 1, C4<00000000000000000000000000000000>, C4<0>, C4<0>, C4<0>;
v0x233b790_0 .net/2u *"_s4", 31 0, L_0x7fd2da25f060;  1 drivers
v0x233b880_0 .net *"_s6", 0 0, L_0x234d880;  1 drivers
L_0x7fd2da25f0a8 .functor BUFT 1, C4<0>, C4<0>, C4<0>, C4<0>;
v0x233b940_0 .net/2u *"_s8", 0 0, L_0x7fd2da25f0a8;  1 drivers
v0x233ba70_0 .net "clk", 0 0, v0x233d460_0;  alias, 1 drivers
v0x233bb30_0 .net "clk_ena", 0 0, L_0x234e560;  alias, 1 drivers
v0x233bbf0_0 .net "clk_out", 0 0, L_0x234d9f0;  alias, 1 drivers
v0x233bcb0_0 .var "divcounter", 6 0;
E_0x2309650 .event posedge, v0x233ba70_0;
L_0x233d6c0 .concat [ 7 25 0 0], v0x233bcb0_0, L_0x7fd2da25f018;
L_0x234d880 .cmp/eq 32, L_0x233d6c0, L_0x7fd2da25f060;
L_0x234d9f0 .functor MUXZ 1, L_0x7fd2da25f0a8, L_0x234e560, L_0x234d880, C4<>;
    .scope S_0x230ef80;
T_0 ;
    %pushi/vec4 0, 0, 7;
    %store/vec4 v0x233bcb0_0, 0, 7;
    %end;
    .thread T_0;
    .scope S_0x230ef80;
T_1 ;
    %wait E_0x2309650;
    %load/vec4 v0x233bb30_0;
    %flag_set/vec4 8;
    %jmp/0xz  T_1.0, 8;
    %load/vec4 v0x233bcb0_0;
    %pad/u 32;
    %cmpi/e 103, 0, 32;
    %flag_mov 8, 4;
    %jmp/0 T_1.2, 8;
    %pushi/vec4 0, 0, 7;
    %jmp/1 T_1.3, 8;
T_1.2 ; End of true expr.
    %load/vec4 v0x233bcb0_0;
    %addi 1, 0, 7;
    %jmp/0 T_1.3, 8;
 ; End of false expr.
    %blend;
T_1.3;
    %assign/vec4 v0x233bcb0_0, 0;
    %jmp T_1.1;
T_1.0 ;
    %pushi/vec4 103, 0, 7;
    %assign/vec4 v0x233bcb0_0, 0;
T_1.1 ;
    %jmp T_1;
    .thread T_1;
    .scope S_0x2307b60;
T_2 ;
    %pushi/vec4 0, 0, 1;
    %store/vec4 v0x233cf60_0, 0, 1;
    %end;
    .thread T_2;
    .scope S_0x2307b60;
T_3 ;
    %wait E_0x2309650;
    %load/vec4 v0x233d0c0_0;
    %assign/vec4 v0x233d180_0, 0;
    %jmp T_3;
    .thread T_3;
    .scope S_0x2307b60;
T_4 ;
    %wait E_0x2309650;
    %load/vec4 v0x233cf60_0;
    %pad/u 32;
    %cmpi/e 0, 0, 32;
    %jmp/0xz  T_4.0, 4;
    %pushi/vec4 255, 0, 10;
    %assign/vec4 v0x233d000_0, 0;
    %jmp T_4.1;
T_4.0 ;
    %load/vec4 v0x233cec0_0;
    %pad/u 32;
    %cmpi/e 1, 0, 32;
    %jmp/0xz  T_4.2, 4;
    %pushi/vec4 261, 0, 10;
    %assign/vec4 v0x233d000_0, 0;
    %jmp T_4.3;
T_4.2 ;
    %load/vec4 v0x233cec0_0;
    %pad/u 32;
    %pushi/vec4 0, 0, 32;
    %cmp/e;
    %flag_get/vec4 4;
    %load/vec4 v0x233ce20_0;
    %pad/u 32;
    %pushi/vec4 1, 0, 32;
    %cmp/e;
    %flag_get/vec4 4;
    %and;
    %flag_set/vec4 8;
    %jmp/0xz  T_4.4, 8;
    %pushi/vec4 1, 0, 1;
    %load/vec4 v0x233d000_0;
    %parti/s 9, 1, 2;
    %concat/vec4; draw_concat_vec4
    %assign/vec4 v0x233d000_0, 0;
T_4.4 ;
T_4.3 ;
T_4.1 ;
    %jmp T_4;
    .thread T_4;
    .scope S_0x2307b60;
T_5 ;
    %wait E_0x2309650;
    %load/vec4 v0x233cec0_0;
    %pad/u 32;
    %cmpi/e 1, 0, 32;
    %jmp/0xz  T_5.0, 4;
    %pushi/vec4 0, 0, 4;
    %assign/vec4 v0x233cbb0_0, 0;
    %jmp T_5.1;
T_5.0 ;
    %load/vec4 v0x233cec0_0;
    %pad/u 32;
    %pushi/vec4 0, 0, 32;
    %cmp/e;
    %flag_get/vec4 4;
    %load/vec4 v0x233ce20_0;
    %pad/u 32;
    %pushi/vec4 1, 0, 32;
    %cmp/e;
    %flag_get/vec4 4;
    %and;
    %flag_set/vec4 8;
    %jmp/0xz  T_5.2, 8;
    %load/vec4 v0x233cbb0_0;
    %addi 1, 0, 4;
    %assign/vec4 v0x233cbb0_0, 0;
T_5.2 ;
T_5.1 ;
    %jmp T_5;
    .thread T_5;
    .scope S_0x2307b60;
T_6 ;
    %wait E_0x2309650;
    %load/vec4 v0x233d000_0;
    %parti/s 1, 0, 2;
    %assign/vec4 v0x233d320_0, 0;
    %jmp T_6;
    .thread T_6;
    .scope S_0x2307b60;
T_7 ;
    %wait E_0x2309650;
    %load/vec4 v0x233cf60_0;
    %pad/u 32;
    %cmpi/e 0, 0, 32;
    %jmp/0xz  T_7.0, 4;
    %pushi/vec4 0, 0, 2;
    %assign/vec4 v0x233d240_0, 0;
    %jmp T_7.1;
T_7.0 ;
    %load/vec4 v0x233d240_0;
    %dup/vec4;
    %pushi/vec4 0, 0, 2;
    %cmp/u;
    %jmp/1 T_7.2, 6;
    %dup/vec4;
    %pushi/vec4 1, 0, 2;
    %cmp/u;
    %jmp/1 T_7.3, 6;
    %dup/vec4;
    %pushi/vec4 2, 0, 2;
    %cmp/u;
    %jmp/1 T_7.4, 6;
    %pushi/vec4 0, 0, 2;
    %assign/vec4 v0x233d240_0, 0;
    %jmp T_7.6;
T_7.2 ;
    %load/vec4 v0x233d180_0;
    %pad/u 32;
    %cmpi/e 1, 0, 32;
    %jmp/0xz  T_7.7, 4;
    %pushi/vec4 1, 0, 2;
    %assign/vec4 v0x233d240_0, 0;
    %jmp T_7.8;
T_7.7 ;
    %pushi/vec4 0, 0, 2;
    %assign/vec4 v0x233d240_0, 0;
T_7.8 ;
    %jmp T_7.6;
T_7.3 ;
    %pushi/vec4 2, 0, 2;
    %assign/vec4 v0x233d240_0, 0;
    %jmp T_7.6;
T_7.4 ;
    %load/vec4 v0x233cbb0_0;
    %pad/u 32;
    %cmpi/e 11, 0, 32;
    %jmp/0xz  T_7.9, 4;
    %pushi/vec4 0, 0, 2;
    %assign/vec4 v0x233d240_0, 0;
    %jmp T_7.10;
T_7.9 ;
    %pushi/vec4 2, 0, 2;
    %assign/vec4 v0x233d240_0, 0;
T_7.10 ;
    %jmp T_7.6;
T_7.6 ;
    %pop/vec4 1;
T_7.1 ;
    %jmp T_7;
    .thread T_7;
    .scope S_0x2307b60;
T_8 ;
    %wait E_0x2309650;
    %pushi/vec4 1, 0, 1;
    %assign/vec4 v0x233cf60_0, 0;
    %jmp T_8;
    .thread T_8;
    .scope S_0x230edc0;
T_9 ;
    %pushi/vec4 0, 0, 1;
    %store/vec4 v0x233d460_0, 0, 1;
    %end;
    .thread T_9;
    .scope S_0x230edc0;
T_10 ;
    %pushi/vec4 0, 0, 1;
    %store/vec4 v0x233d500_0, 0, 1;
    %end;
    .thread T_10;
    .scope S_0x230edc0;
T_11 ;
    %delay 1, 0;
    %load/vec4 v0x233d460_0;
    %inv;
    %assign/vec4 v0x233d460_0, 0;
    %jmp T_11;
    .thread T_11;
    .scope S_0x230edc0;
T_12 ;
    %vpi_call 2 48 "$dumpfile", "fsmtx_tb.vcd" {0 0 0};
    %vpi_call 2 49 "$dumpvars", 32'sb00000000000000000000000000000000, S_0x230edc0 {0 0 0};
    %delay 1, 0;
    %pushi/vec4 0, 0, 1;
    %assign/vec4 v0x233d500_0, 0;
    %delay 832, 0;
    %pushi/vec4 1, 0, 1;
    %assign/vec4 v0x233d500_0, 0;
    %delay 416, 0;
    %pushi/vec4 0, 0, 1;
    %assign/vec4 v0x233d500_0, 0;
    %delay 1664, 0;
    %pushi/vec4 1, 0, 1;
    %assign/vec4 v0x233d500_0, 0;
    %delay 2288, 0;
    %pushi/vec4 0, 0, 1;
    %assign/vec4 v0x233d500_0, 0;
    %delay 3328, 0;
    %vpi_call 2 61 "$display", "FIN de la simulacion" {0 0 0};
    %vpi_call 2 62 "$finish" {0 0 0};
    %end;
    .thread T_12;
# The file index is used to find the file name in the following table.
:file_names 5;
    "N/A";
    "<interactive>";
    "fsmtx_tb.v";
    "fsmtx.v";
    "baudgen.v";
